{
  "uid" : "d8863d76c18f61f8",
  "name" : "test_guest_cant_see_success_message_after_adding_product_to_basket",
  "fullName" : "test_product_page.TestProductPage#test_guest_cant_see_success_message_after_adding_product_to_basket",
  "historyId" : "207f3e681c61281b70a910743494f82c",
  "time" : {
    "start" : 1623840759622,
    "stop" : 1623840761754,
    "duration" : 2132
  },
  "status" : "skipped",
  "statusMessage" : "XFAIL\n\nAssertionError: Success message is presented, but should not be",
  "statusTrace" : "self = <module_5.test_product_page.TestProductPage object at 0x000002846186CA48>, browser = <selenium.webdriver.chrome.webdriver.WebDriver (session=\"058a98e48410e83058ea40c58aaae0cd\")>\n\n    @pytest.mark.xfail\n    def test_guest_cant_see_success_message_after_adding_product_to_basket(self, browser):\n        page = ProductPage(browser, link)\n        page.open()\n        page.add_to_backet()\n>       page.check_success_message_is_not_element()\n\nmodule_5\\test_product_page.py:76: \n_ _ _ _ _ _ _ _ _ _ _ _ _ _ _ _ _ _ _ _ _ _ _ _ _ _ _ _ _ _ _ _ _ _ _ _ _ _ _ _ _ _ _ _ _ _ _ _ _ _ _ _ _ _ _ _ _ _ _ _ _ _ _ _ _ _ _ _ _ _ _ _ _ _ _ _ _ _ _ _ _ _ _ _ _ _ _ _ _ _ _ _ _ \n\nself = <module_5.pages.product_page.ProductPage object at 0x00000284617B7D08>\n\n    def check_success_message_is_not_element(self):\n        assert self.is_not_element_present(*ProductPageLocators.SUCCESS_MESSAGE), \\\n>           \"Success message is presented, but should not be\"\nE       AssertionError: Success message is presented, but should not be\n\nmodule_5\\pages\\product_page.py:36: AssertionError",
  "flaky" : false,
  "newFailed" : false,
  "beforeStages" : [ {
    "name" : "browser",
    "time" : {
      "start" : 1623840758491,
      "stop" : 1623840759622,
      "duration" : 1131
    },
    "status" : "passed",
    "steps" : [ ],
    "attachments" : [ ],
    "parameters" : [ ],
    "shouldDisplayMessage" : false,
    "attachmentsCount" : 0,
    "stepsCount" : 0,
    "hasContent" : false
  } ],
  "testStage" : {
    "status" : "skipped",
    "statusMessage" : "XFAIL\n\nAssertionError: Success message is presented, but should not be",
    "statusTrace" : "self = <module_5.test_product_page.TestProductPage object at 0x000002846186CA48>, browser = <selenium.webdriver.chrome.webdriver.WebDriver (session=\"058a98e48410e83058ea40c58aaae0cd\")>\n\n    @pytest.mark.xfail\n    def test_guest_cant_see_success_message_after_adding_product_to_basket(self, browser):\n        page = ProductPage(browser, link)\n        page.open()\n        page.add_to_backet()\n>       page.check_success_message_is_not_element()\n\nmodule_5\\test_product_page.py:76: \n_ _ _ _ _ _ _ _ _ _ _ _ _ _ _ _ _ _ _ _ _ _ _ _ _ _ _ _ _ _ _ _ _ _ _ _ _ _ _ _ _ _ _ _ _ _ _ _ _ _ _ _ _ _ _ _ _ _ _ _ _ _ _ _ _ _ _ _ _ _ _ _ _ _ _ _ _ _ _ _ _ _ _ _ _ _ _ _ _ _ _ _ _ \n\nself = <module_5.pages.product_page.ProductPage object at 0x00000284617B7D08>\n\n    def check_success_message_is_not_element(self):\n        assert self.is_not_element_present(*ProductPageLocators.SUCCESS_MESSAGE), \\\n>           \"Success message is presented, but should not be\"\nE       AssertionError: Success message is presented, but should not be\n\nmodule_5\\pages\\product_page.py:36: AssertionError",
    "steps" : [ ],
    "attachments" : [ {
      "uid" : "7b17407881a669e4",
      "name" : "stdout",
      "source" : "7b17407881a669e4.txt",
      "type" : "text/plain",
      "size" : 16
    } ],
    "parameters" : [ ],
    "shouldDisplayMessage" : true,
    "attachmentsCount" : 1,
    "stepsCount" : 0,
    "hasContent" : true
  },
  "afterStages" : [ {
    "name" : "browser::0",
    "time" : {
      "start" : 1623840761761,
      "stop" : 1623840763932,
      "duration" : 2171
    },
    "status" : "passed",
    "steps" : [ ],
    "attachments" : [ ],
    "parameters" : [ ],
    "shouldDisplayMessage" : false,
    "attachmentsCount" : 0,
    "stepsCount" : 0,
    "hasContent" : false
  } ],
  "labels" : [ {
    "name" : "tag",
    "value" : "@pytest.mark.xfail"
  }, {
    "name" : "suite",
    "value" : "test_product_page"
  }, {
    "name" : "subSuite",
    "value" : "TestProductPage"
  }, {
    "name" : "host",
    "value" : "LAPTOP-LR76FM0Q"
  }, {
    "name" : "thread",
    "value" : "21040-MainThread"
  }, {
    "name" : "framework",
    "value" : "pytest"
  }, {
    "name" : "language",
    "value" : "cpython3"
  }, {
    "name" : "package",
    "value" : "test_product_page"
  }, {
    "name" : "resultFormat",
    "value" : "allure2"
  } ],
  "parameters" : [ ],
  "links" : [ ],
  "hidden" : false,
  "retry" : false,
  "extra" : {
    "severity" : "normal",
    "retries" : [ {
      "uid" : "da6d87e3d4019004",
      "status" : "skipped",
      "statusDetails" : "XFAIL\n\nAssertionError: Success message is presented, but should not be",
      "time" : {
        "start" : 1623840456664,
        "stop" : 1623840458829,
        "duration" : 2165
      }
    } ],
    "categories" : [ ],
    "tags" : [ "@pytest.mark.xfail" ]
  },
  "source" : "d8863d76c18f61f8.json",
  "parameterValues" : [ ]
}