{
  "uid" : "f2bd487d975e61c9",
  "name" : "test_guest_can_add_product_to_basket[offer7]",
  "fullName" : "test_product_page.TestProductPage#test_guest_can_add_product_to_basket",
  "historyId" : "87c815e2ff57b386ed8170cc72071f13",
  "time" : {
    "start" : 1623840727731,
    "stop" : 1623840729901,
    "duration" : 2170
  },
  "status" : "skipped",
  "statusMessage" : "XFAIL\n\nAssertionError: Different names of book in the basket and was added",
  "statusTrace" : "self = <module_5.test_product_page.TestProductPage object at 0x00000284617CB648>, browser = <selenium.webdriver.chrome.webdriver.WebDriver (session=\"95273b803b2def6b5f6c91143ad7597d\")>\npromo_offer = 'offer7'\n\n    @pytest.mark.parametrize('promo_offer',\n                             [\"offer0\", \"offer1\", \"offer2\", \"offer3\", \"offer4\", \"offer5\", \"offer6\",\n                              pytest.param(\"offer7\", marks=pytest.mark.xfail), \"offer8\",\n                              \"offer9\"])\n    def test_guest_can_add_product_to_basket(self, browser, promo_offer):\n        page = ProductPage(browser,\n                           link + '/?promo=' + promo_offer)  # инициализируем Page Object, передаем в конструктор экземпляр драйвера и url адрес\n        page.open()  # открываем страницу\n        page.add_to_backet()\n        page.solve_quiz_and_get_code()\n>       page.check_add_book_alert()\n\nmodule_5\\test_product_page.py:63: \n_ _ _ _ _ _ _ _ _ _ _ _ _ _ _ _ _ _ _ _ _ _ _ _ _ _ _ _ _ _ _ _ _ _ _ _ _ _ _ _ _ _ _ _ _ _ _ _ _ _ _ _ _ _ _ _ _ _ _ _ _ _ _ _ _ _ _ _ _ _ _ _ _ _ _ _ _ _ _ _ _ _ _ _ _ _ _ _ _ _ _ _ _ \n\nself = <module_5.pages.product_page.ProductPage object at 0x000002846183AAC8>\n\n    def check_add_book_alert(self):\n        alert_name_book = self.browser.find_element(*ProductPageLocators.PRODUCT_ALERT_NAME_BOOK).text\n        header_name_book = self.browser.find_element(*ProductPageLocators.PRODUCT_HEADER_NAME_BOOK).text\n>       assert alert_name_book == header_name_book, \"Different names of book in the basket and was added\"\nE       AssertionError: Different names of book in the basket and was added\n\nmodule_5\\pages\\product_page.py:21: AssertionError",
  "flaky" : false,
  "newFailed" : false,
  "beforeStages" : [ {
    "name" : "browser",
    "time" : {
      "start" : 1623840726620,
      "stop" : 1623840727730,
      "duration" : 1110
    },
    "status" : "passed",
    "steps" : [ ],
    "attachments" : [ ],
    "parameters" : [ ],
    "shouldDisplayMessage" : false,
    "attachmentsCount" : 0,
    "stepsCount" : 0,
    "hasContent" : false
  } ],
  "testStage" : {
    "status" : "skipped",
    "statusMessage" : "XFAIL\n\nAssertionError: Different names of book in the basket and was added",
    "statusTrace" : "self = <module_5.test_product_page.TestProductPage object at 0x00000284617CB648>, browser = <selenium.webdriver.chrome.webdriver.WebDriver (session=\"95273b803b2def6b5f6c91143ad7597d\")>\npromo_offer = 'offer7'\n\n    @pytest.mark.parametrize('promo_offer',\n                             [\"offer0\", \"offer1\", \"offer2\", \"offer3\", \"offer4\", \"offer5\", \"offer6\",\n                              pytest.param(\"offer7\", marks=pytest.mark.xfail), \"offer8\",\n                              \"offer9\"])\n    def test_guest_can_add_product_to_basket(self, browser, promo_offer):\n        page = ProductPage(browser,\n                           link + '/?promo=' + promo_offer)  # инициализируем Page Object, передаем в конструктор экземпляр драйвера и url адрес\n        page.open()  # открываем страницу\n        page.add_to_backet()\n        page.solve_quiz_and_get_code()\n>       page.check_add_book_alert()\n\nmodule_5\\test_product_page.py:63: \n_ _ _ _ _ _ _ _ _ _ _ _ _ _ _ _ _ _ _ _ _ _ _ _ _ _ _ _ _ _ _ _ _ _ _ _ _ _ _ _ _ _ _ _ _ _ _ _ _ _ _ _ _ _ _ _ _ _ _ _ _ _ _ _ _ _ _ _ _ _ _ _ _ _ _ _ _ _ _ _ _ _ _ _ _ _ _ _ _ _ _ _ _ \n\nself = <module_5.pages.product_page.ProductPage object at 0x000002846183AAC8>\n\n    def check_add_book_alert(self):\n        alert_name_book = self.browser.find_element(*ProductPageLocators.PRODUCT_ALERT_NAME_BOOK).text\n        header_name_book = self.browser.find_element(*ProductPageLocators.PRODUCT_HEADER_NAME_BOOK).text\n>       assert alert_name_book == header_name_book, \"Different names of book in the basket and was added\"\nE       AssertionError: Different names of book in the basket and was added\n\nmodule_5\\pages\\product_page.py:21: AssertionError",
    "steps" : [ ],
    "attachments" : [ {
      "uid" : "ee9d0f56dbb4f8ed",
      "name" : "stdout",
      "source" : "ee9d0f56dbb4f8ed.txt",
      "type" : "text/plain",
      "size" : 42
    } ],
    "parameters" : [ ],
    "shouldDisplayMessage" : true,
    "attachmentsCount" : 1,
    "stepsCount" : 0,
    "hasContent" : true
  },
  "afterStages" : [ {
    "name" : "browser::0",
    "time" : {
      "start" : 1623840729925,
      "stop" : 1623840732065,
      "duration" : 2140
    },
    "status" : "passed",
    "steps" : [ ],
    "attachments" : [ ],
    "parameters" : [ ],
    "shouldDisplayMessage" : false,
    "attachmentsCount" : 0,
    "stepsCount" : 0,
    "hasContent" : false
  } ],
  "labels" : [ {
    "name" : "tag",
    "value" : "@pytest.mark.xfail"
  }, {
    "name" : "suite",
    "value" : "test_product_page"
  }, {
    "name" : "subSuite",
    "value" : "TestProductPage"
  }, {
    "name" : "host",
    "value" : "LAPTOP-LR76FM0Q"
  }, {
    "name" : "thread",
    "value" : "21040-MainThread"
  }, {
    "name" : "framework",
    "value" : "pytest"
  }, {
    "name" : "language",
    "value" : "cpython3"
  }, {
    "name" : "package",
    "value" : "test_product_page"
  }, {
    "name" : "resultFormat",
    "value" : "allure2"
  } ],
  "parameters" : [ {
    "name" : "promo_offer",
    "value" : "'offer7'"
  } ],
  "links" : [ ],
  "hidden" : false,
  "retry" : false,
  "extra" : {
    "severity" : "normal",
    "retries" : [ {
      "uid" : "f5eb2a1c96d721d4",
      "status" : "skipped",
      "statusDetails" : "XFAIL\n\nAssertionError: Different names of book in the basket and was added",
      "time" : {
        "start" : 1623840424780,
        "stop" : 1623840427110,
        "duration" : 2330
      }
    } ],
    "categories" : [ ],
    "tags" : [ "@pytest.mark.xfail" ]
  },
  "source" : "f2bd487d975e61c9.json",
  "parameterValues" : [ "'offer7'" ]
}