{
  "uid" : "f7a5787b4076a28c",
  "name" : "test_user_can_add_product_to_basket",
  "fullName" : "test_product_page.TestUserAddToBasketFromProductPage#test_user_can_add_product_to_basket",
  "historyId" : "9172ddc0d6b907a80ba7befefcba349e",
  "time" : {
    "start" : 1623840346239,
    "stop" : 1623840346239,
    "duration" : 0
  },
  "status" : "failed",
  "statusMessage" : "AssertionError: User icon is not presented, probably unauthorised user",
  "statusTrace" : "self = <module_5.test_product_page.TestUserAddToBasketFromProductPage object at 0x000001F690BA6948>\nbrowser = <selenium.webdriver.chrome.webdriver.WebDriver (session=\"530f72a534c6af23cb80db69c5d3e724\")>\n\n    @pytest.fixture(scope=\"function\", autouse=True)\n    def setup(self, browser):\n        url = 'http://selenium1py.pythonanywhere.com/ru/accounts/login/'\n        email = str(time.time()) + \"@fakemail.org\"\n        password = str(time.time()) + \"20210616\"\n        login_page = LoginPage(browser,\n                           url)  # инициализируем Page Object, передаем в конструктор экземпляр драйвера и url адрес\n        login_page.open()  # открываем страницу\n        login_page.should_be_register_form()\n        login_page.register_new_user(email, password)\n>       login_page.should_be_authorized_user()\n\nmodule_5\\test_product_page.py:36: \n_ _ _ _ _ _ _ _ _ _ _ _ _ _ _ _ _ _ _ _ _ _ _ _ _ _ _ _ _ _ _ _ _ _ _ _ _ _ _ _ _ _ _ _ _ _ _ _ _ _ _ _ _ _ _ _ _ _ _ _ _ _ _ _ _ _ _ _ _ _ _ _ _ _ _ _ _ _ _ _ _ _ _ _ _ _ _ _ _ _ _ _ _ \n\nself = <module_5.pages.login_page.LoginPage object at 0x000001F690C45C48>\n\n    def should_be_authorized_user(self):\n>       assert self.is_element_present(*BasePageLocators.USER_ICON), \"User icon is not presented,\" \\\n                                                                 \" probably unauthorised user\"\nE       AssertionError: User icon is not presented, probably unauthorised user\n\nmodule_5\\pages\\base_page.py:52: AssertionError",
  "flaky" : false,
  "newFailed" : false,
  "beforeStages" : [ {
    "name" : "setup",
    "time" : {
      "start" : 1623840347341,
      "stop" : 1623840361225,
      "duration" : 13884
    },
    "status" : "failed",
    "statusMessage" : "AssertionError: User icon is not presented, probably unauthorised user\n",
    "statusTrace" : "  File \"d:\\python\\stepik_auto\\stepik_lessons\\venv\\lib\\site-packages\\pluggy\\callers.py\", line 187, in _multicall\n    res = hook_impl.function(*args)\n  File \"d:\\python\\stepik_auto\\stepik_lessons\\venv\\lib\\site-packages\\_pytest\\fixtures.py\", line 918, in pytest_fixture_setup\n    result = call_fixture_func(fixturefunc, request, kwargs)\n  File \"d:\\python\\stepik_auto\\stepik_lessons\\venv\\lib\\site-packages\\_pytest\\fixtures.py\", line 778, in call_fixture_func\n    res = fixturefunc(**kwargs)\n  File \"D:\\python\\stepik_auto\\stepik_lessons\\module_5\\test_product_page.py\", line 36, in setup\n    login_page.should_be_authorized_user()\n  File \"D:\\python\\stepik_auto\\stepik_lessons\\module_5\\pages\\base_page.py\", line 52, in should_be_authorized_user\n    assert self.is_element_present(*BasePageLocators.USER_ICON), \"User icon is not presented,\" \\\n",
    "steps" : [ ],
    "attachments" : [ ],
    "parameters" : [ ],
    "shouldDisplayMessage" : true,
    "attachmentsCount" : 0,
    "stepsCount" : 0,
    "hasContent" : true
  }, {
    "name" : "browser",
    "time" : {
      "start" : 1623840346240,
      "stop" : 1623840347341,
      "duration" : 1101
    },
    "status" : "passed",
    "steps" : [ ],
    "attachments" : [ ],
    "parameters" : [ ],
    "shouldDisplayMessage" : false,
    "attachmentsCount" : 0,
    "stepsCount" : 0,
    "hasContent" : false
  } ],
  "testStage" : {
    "status" : "failed",
    "statusMessage" : "AssertionError: User icon is not presented, probably unauthorised user",
    "statusTrace" : "self = <module_5.test_product_page.TestUserAddToBasketFromProductPage object at 0x000001F690BA6948>\nbrowser = <selenium.webdriver.chrome.webdriver.WebDriver (session=\"530f72a534c6af23cb80db69c5d3e724\")>\n\n    @pytest.fixture(scope=\"function\", autouse=True)\n    def setup(self, browser):\n        url = 'http://selenium1py.pythonanywhere.com/ru/accounts/login/'\n        email = str(time.time()) + \"@fakemail.org\"\n        password = str(time.time()) + \"20210616\"\n        login_page = LoginPage(browser,\n                           url)  # инициализируем Page Object, передаем в конструктор экземпляр драйвера и url адрес\n        login_page.open()  # открываем страницу\n        login_page.should_be_register_form()\n        login_page.register_new_user(email, password)\n>       login_page.should_be_authorized_user()\n\nmodule_5\\test_product_page.py:36: \n_ _ _ _ _ _ _ _ _ _ _ _ _ _ _ _ _ _ _ _ _ _ _ _ _ _ _ _ _ _ _ _ _ _ _ _ _ _ _ _ _ _ _ _ _ _ _ _ _ _ _ _ _ _ _ _ _ _ _ _ _ _ _ _ _ _ _ _ _ _ _ _ _ _ _ _ _ _ _ _ _ _ _ _ _ _ _ _ _ _ _ _ _ \n\nself = <module_5.pages.login_page.LoginPage object at 0x000001F690C45C48>\n\n    def should_be_authorized_user(self):\n>       assert self.is_element_present(*BasePageLocators.USER_ICON), \"User icon is not presented,\" \\\n                                                                 \" probably unauthorised user\"\nE       AssertionError: User icon is not presented, probably unauthorised user\n\nmodule_5\\pages\\base_page.py:52: AssertionError",
    "steps" : [ ],
    "attachments" : [ {
      "uid" : "173083c835dce946",
      "name" : "stdout",
      "source" : "173083c835dce946.txt",
      "type" : "text/plain",
      "size" : 16
    } ],
    "parameters" : [ ],
    "shouldDisplayMessage" : true,
    "attachmentsCount" : 1,
    "stepsCount" : 0,
    "hasContent" : true
  },
  "afterStages" : [ {
    "name" : "browser::0",
    "time" : {
      "start" : 1623840361271,
      "stop" : 1623840363386,
      "duration" : 2115
    },
    "status" : "passed",
    "steps" : [ ],
    "attachments" : [ ],
    "parameters" : [ ],
    "shouldDisplayMessage" : false,
    "attachmentsCount" : 0,
    "stepsCount" : 0,
    "hasContent" : false
  } ],
  "labels" : [ {
    "name" : "suite",
    "value" : "test_product_page"
  }, {
    "name" : "subSuite",
    "value" : "TestUserAddToBasketFromProductPage"
  }, {
    "name" : "host",
    "value" : "LAPTOP-LR76FM0Q"
  }, {
    "name" : "thread",
    "value" : "26688-MainThread"
  }, {
    "name" : "framework",
    "value" : "pytest"
  }, {
    "name" : "language",
    "value" : "cpython3"
  }, {
    "name" : "package",
    "value" : "test_product_page"
  }, {
    "name" : "resultFormat",
    "value" : "allure2"
  } ],
  "parameters" : [ ],
  "links" : [ ],
  "hidden" : true,
  "retry" : true,
  "extra" : {
    "categories" : [ ],
    "tags" : [ ]
  },
  "source" : "f7a5787b4076a28c.json",
  "parameterValues" : [ ]
}